-------------------------------------------------------------------------------
Test set: testingPpt.jenkinsTest.AppTest
-------------------------------------------------------------------------------
Tests run: 2, Failures: 1, Errors: 0, Skipped: 0, Time elapsed: 0.046 s <<< FAILURE! - in testingPpt.jenkinsTest.AppTest
shouldAnswerWithfalse(testingPpt.jenkinsTest.AppTest)  Time elapsed: 0.005 s  <<< FAILURE!
org.junit.ComparisonFailure: expected:<Hello World[1]> but was:<Hello World[]>
	at testingPpt.jenkinsTest.AppTest.shouldAnswerWithfalse(AppTest.java:27)

